2017-05-09 14:04:31 [::1][-][-][error][yii\base\InvalidConfigException] yii\base\InvalidConfigException: yii\web\Request::cookieValidationKey must be configured with a secret key. in D:\xampp\htdocs\nielyii\basic\vendor\yiisoft\yii2\web\Request.php:1279
Stack trace:
#0 D:\xampp\htdocs\nielyii\basic\vendor\yiisoft\yii2\web\Request.php(1261): yii\web\Request->loadCookies()
#1 D:\xampp\htdocs\nielyii\basic\vendor\yiisoft\yii2\web\Request.php(1346): yii\web\Request->getCookies()
#2 D:\xampp\htdocs\nielyii\basic\vendor\yiisoft\yii2\web\Request.php(1325): yii\web\Request->loadCsrfToken()
#3 D:\xampp\htdocs\nielyii\basic\vendor\yiisoft\yii2\helpers\BaseHtml.php(295): yii\web\Request->getCsrfToken()
#4 D:\xampp\htdocs\nielyii\basic\views\layouts\main.php(20): yii\helpers\BaseHtml::csrfMetaTags()
#5 D:\xampp\htdocs\nielyii\basic\vendor\yiisoft\yii2\base\View.php(328): require('D:\\xampp\\htdocs...')
#6 D:\xampp\htdocs\nielyii\basic\vendor\yiisoft\yii2\base\View.php(250): yii\base\View->renderPhpFile('D:\\xampp\\htdocs...', Array)
#7 D:\xampp\htdocs\nielyii\basic\vendor\yiisoft\yii2\base\Controller.php(396): yii\base\View->renderFile('D:\\xampp\\htdocs...', Array, Object(app\controllers\SiteController))
#8 D:\xampp\htdocs\nielyii\basic\vendor\yiisoft\yii2\base\Controller.php(382): yii\base\Controller->renderContent('<div class="sit...')
#9 D:\xampp\htdocs\nielyii\basic\controllers\SiteController.php(63): yii\base\Controller->render('index')
#10 [internal function]: app\controllers\SiteController->actionIndex()
#11 D:\xampp\htdocs\nielyii\basic\vendor\yiisoft\yii2\base\InlineAction.php(57): call_user_func_array(Array, Array)
#12 D:\xampp\htdocs\nielyii\basic\vendor\yiisoft\yii2\base\Controller.php(156): yii\base\InlineAction->runWithParams(Array)
#13 D:\xampp\htdocs\nielyii\basic\vendor\yiisoft\yii2\base\Module.php(523): yii\base\Controller->runAction('', Array)
#14 D:\xampp\htdocs\nielyii\basic\vendor\yiisoft\yii2\web\Application.php(102): yii\base\Module->runAction('', Array)
#15 D:\xampp\htdocs\nielyii\basic\vendor\yiisoft\yii2\base\Application.php(380): yii\web\Application->handleRequest(Object(yii\web\Request))
#16 D:\xampp\htdocs\nielyii\basic\web\index.php(12): yii\base\Application->run()
#17 {main}
2017-05-09 14:04:30 [::1][-][-][info][application] $_COOKIE = [
    'io' => 'icB14Wc7OdwSaUbeAAAR'
]

$_SERVER = [
    'MIBDIRS' => 'D:/xampp/php/extras/mibs'
    'MYSQL_HOME' => '\\xampp\\mysql\\bin'
    'OPENSSL_CONF' => 'D:/xampp/apache/bin/openssl.cnf'
    'PHP_PEAR_SYSCONF_DIR' => '\\xampp\\php'
    'PHPRC' => '\\xampp\\php'
    'TMP' => '\\xampp\\tmp'
    'HTTP_HOST' => 'localhost'
    'HTTP_CONNECTION' => 'keep-alive'
    'HTTP_UPGRADE_INSECURE_REQUESTS' => '1'
    'HTTP_USER_AGENT' => 'Mozilla/5.0 (Windows NT 6.1; Win64; x64) AppleWebKit/537.36 (KHTML, like Gecko) Chrome/57.0.2987.133 Safari/537.36'
    'HTTP_ACCEPT' => 'text/html,application/xhtml+xml,application/xml;q=0.9,image/webp,*/*;q=0.8'
    'HTTP_REFERER' => 'http://localhost/nielyii/basic/'
    'HTTP_ACCEPT_ENCODING' => 'gzip, deflate, sdch, br'
    'HTTP_ACCEPT_LANGUAGE' => 'en-US,en;q=0.8'
    'HTTP_COOKIE' => 'io=icB14Wc7OdwSaUbeAAAR'
    'PATH' => 'C:\\Windows\\system32;C:\\Windows;C:\\Windows\\System32\\Wbem;C:\\Windows\\System32\\WindowsPowerShell\\v1.0\\;C:\\Program Files (x86)\\Common Files\\lenovo\\easyplussdk\\bin;C:\\Program Files (x86)\\Skype\\Phone\\;D:\\xampp\\php;C:\\ProgramData\\ComposerSetup\\bin;C:\\Program Files (x86)\\nodejs\\;C:\\Program Files\\TortoiseSVN\\bin;C:\\Users\\User\\AppData\\Roaming\\Composer\\vendor\\bin;C:\\Users\\User\\AppData\\Roaming\\npm'
    'SystemRoot' => 'C:\\Windows'
    'COMSPEC' => 'C:\\Windows\\system32\\cmd.exe'
    'PATHEXT' => '.COM;.EXE;.BAT;.CMD;.VBS;.VBE;.JS;.JSE;.WSF;.WSH;.MSC'
    'WINDIR' => 'C:\\Windows'
    'SERVER_SIGNATURE' => '<address>Apache/2.4.25 (Win32) OpenSSL/1.0.2j PHP/7.1.1 Server at localhost Port 80</address>
'
    'SERVER_SOFTWARE' => 'Apache/2.4.25 (Win32) OpenSSL/1.0.2j PHP/7.1.1'
    'SERVER_NAME' => 'localhost'
    'SERVER_ADDR' => '::1'
    'SERVER_PORT' => '80'
    'REMOTE_ADDR' => '::1'
    'DOCUMENT_ROOT' => 'D:/xampp/htdocs'
    'REQUEST_SCHEME' => 'http'
    'CONTEXT_PREFIX' => ''
    'CONTEXT_DOCUMENT_ROOT' => 'D:/xampp/htdocs'
    'SERVER_ADMIN' => 'postmaster@localhost'
    'SCRIPT_FILENAME' => 'D:/xampp/htdocs/nielyii/basic/web/index.php'
    'REMOTE_PORT' => '61432'
    'GATEWAY_INTERFACE' => 'CGI/1.1'
    'SERVER_PROTOCOL' => 'HTTP/1.1'
    'REQUEST_METHOD' => 'GET'
    'QUERY_STRING' => ''
    'REQUEST_URI' => '/nielyii/basic/web/'
    'SCRIPT_NAME' => '/nielyii/basic/web/index.php'
    'PHP_SELF' => '/nielyii/basic/web/index.php'
    'REQUEST_TIME_FLOAT' => 1494331470.396
    'REQUEST_TIME' => 1494331470
]
2017-05-09 14:05:30 [::1][-][-][error][yii\base\InvalidConfigException] yii\base\InvalidConfigException: yii\web\Request::cookieValidationKey must be configured with a secret key. in D:\xampp\htdocs\nielyii\basic\vendor\yiisoft\yii2\web\Request.php:1279
Stack trace:
#0 D:\xampp\htdocs\nielyii\basic\vendor\yiisoft\yii2\web\Request.php(1261): yii\web\Request->loadCookies()
#1 D:\xampp\htdocs\nielyii\basic\vendor\yiisoft\yii2\web\Request.php(1346): yii\web\Request->getCookies()
#2 D:\xampp\htdocs\nielyii\basic\vendor\yiisoft\yii2\web\Request.php(1325): yii\web\Request->loadCsrfToken()
#3 D:\xampp\htdocs\nielyii\basic\vendor\yiisoft\yii2\helpers\BaseHtml.php(295): yii\web\Request->getCsrfToken()
#4 D:\xampp\htdocs\nielyii\basic\views\layouts\main.php(20): yii\helpers\BaseHtml::csrfMetaTags()
#5 D:\xampp\htdocs\nielyii\basic\vendor\yiisoft\yii2\base\View.php(328): require('D:\\xampp\\htdocs...')
#6 D:\xampp\htdocs\nielyii\basic\vendor\yiisoft\yii2\base\View.php(250): yii\base\View->renderPhpFile('D:\\xampp\\htdocs...', Array)
#7 D:\xampp\htdocs\nielyii\basic\vendor\yiisoft\yii2\base\Controller.php(396): yii\base\View->renderFile('D:\\xampp\\htdocs...', Array, Object(app\controllers\SiteController))
#8 D:\xampp\htdocs\nielyii\basic\vendor\yiisoft\yii2\base\Controller.php(382): yii\base\Controller->renderContent('<div class="sit...')
#9 D:\xampp\htdocs\nielyii\basic\controllers\SiteController.php(63): yii\base\Controller->render('index')
#10 [internal function]: app\controllers\SiteController->actionIndex()
#11 D:\xampp\htdocs\nielyii\basic\vendor\yiisoft\yii2\base\InlineAction.php(57): call_user_func_array(Array, Array)
#12 D:\xampp\htdocs\nielyii\basic\vendor\yiisoft\yii2\base\Controller.php(156): yii\base\InlineAction->runWithParams(Array)
#13 D:\xampp\htdocs\nielyii\basic\vendor\yiisoft\yii2\base\Module.php(523): yii\base\Controller->runAction('', Array)
#14 D:\xampp\htdocs\nielyii\basic\vendor\yiisoft\yii2\web\Application.php(102): yii\base\Module->runAction('', Array)
#15 D:\xampp\htdocs\nielyii\basic\vendor\yiisoft\yii2\base\Application.php(380): yii\web\Application->handleRequest(Object(yii\web\Request))
#16 D:\xampp\htdocs\nielyii\basic\web\index.php(12): yii\base\Application->run()
#17 {main}
2017-05-09 14:05:30 [::1][-][-][info][application] $_COOKIE = [
    'io' => 'icB14Wc7OdwSaUbeAAAR'
]

$_SERVER = [
    'MIBDIRS' => 'D:/xampp/php/extras/mibs'
    'MYSQL_HOME' => '\\xampp\\mysql\\bin'
    'OPENSSL_CONF' => 'D:/xampp/apache/bin/openssl.cnf'
    'PHP_PEAR_SYSCONF_DIR' => '\\xampp\\php'
    'PHPRC' => '\\xampp\\php'
    'TMP' => '\\xampp\\tmp'
    'HTTP_HOST' => 'localhost'
    'HTTP_CONNECTION' => 'keep-alive'
    'HTTP_UPGRADE_INSECURE_REQUESTS' => '1'
    'HTTP_USER_AGENT' => 'Mozilla/5.0 (Windows NT 6.1; Win64; x64) AppleWebKit/537.36 (KHTML, like Gecko) Chrome/57.0.2987.133 Safari/537.36'
    'HTTP_ACCEPT' => 'text/html,application/xhtml+xml,application/xml;q=0.9,image/webp,*/*;q=0.8'
    'HTTP_REFERER' => 'http://localhost/nielyii/basic/'
    'HTTP_ACCEPT_ENCODING' => 'gzip, deflate, sdch, br'
    'HTTP_ACCEPT_LANGUAGE' => 'en-US,en;q=0.8'
    'HTTP_COOKIE' => 'io=icB14Wc7OdwSaUbeAAAR'
    'PATH' => 'C:\\Windows\\system32;C:\\Windows;C:\\Windows\\System32\\Wbem;C:\\Windows\\System32\\WindowsPowerShell\\v1.0\\;C:\\Program Files (x86)\\Common Files\\lenovo\\easyplussdk\\bin;C:\\Program Files (x86)\\Skype\\Phone\\;D:\\xampp\\php;C:\\ProgramData\\ComposerSetup\\bin;C:\\Program Files (x86)\\nodejs\\;C:\\Program Files\\TortoiseSVN\\bin;C:\\Users\\User\\AppData\\Roaming\\Composer\\vendor\\bin;C:\\Users\\User\\AppData\\Roaming\\npm'
    'SystemRoot' => 'C:\\Windows'
    'COMSPEC' => 'C:\\Windows\\system32\\cmd.exe'
    'PATHEXT' => '.COM;.EXE;.BAT;.CMD;.VBS;.VBE;.JS;.JSE;.WSF;.WSH;.MSC'
    'WINDIR' => 'C:\\Windows'
    'SERVER_SIGNATURE' => '<address>Apache/2.4.25 (Win32) OpenSSL/1.0.2j PHP/7.1.1 Server at localhost Port 80</address>
'
    'SERVER_SOFTWARE' => 'Apache/2.4.25 (Win32) OpenSSL/1.0.2j PHP/7.1.1'
    'SERVER_NAME' => 'localhost'
    'SERVER_ADDR' => '::1'
    'SERVER_PORT' => '80'
    'REMOTE_ADDR' => '::1'
    'DOCUMENT_ROOT' => 'D:/xampp/htdocs'
    'REQUEST_SCHEME' => 'http'
    'CONTEXT_PREFIX' => ''
    'CONTEXT_DOCUMENT_ROOT' => 'D:/xampp/htdocs'
    'SERVER_ADMIN' => 'postmaster@localhost'
    'SCRIPT_FILENAME' => 'D:/xampp/htdocs/nielyii/basic/web/index.php'
    'REMOTE_PORT' => '61465'
    'GATEWAY_INTERFACE' => 'CGI/1.1'
    'SERVER_PROTOCOL' => 'HTTP/1.1'
    'REQUEST_METHOD' => 'GET'
    'QUERY_STRING' => ''
    'REQUEST_URI' => '/nielyii/basic/web/'
    'SCRIPT_NAME' => '/nielyii/basic/web/index.php'
    'PHP_SELF' => '/nielyii/basic/web/index.php'
    'REQUEST_TIME_FLOAT' => 1494331530.227
    'REQUEST_TIME' => 1494331530
]
2017-05-09 14:08:42 [::1][-][-][error][yii\base\InvalidConfigException] yii\base\InvalidConfigException: yii\web\Request::cookieValidationKey must be configured with a secret key. in D:\xampp\htdocs\nielyii\basic\vendor\yiisoft\yii2\web\Request.php:1279
Stack trace:
#0 D:\xampp\htdocs\nielyii\basic\vendor\yiisoft\yii2\web\Request.php(1261): yii\web\Request->loadCookies()
#1 D:\xampp\htdocs\nielyii\basic\vendor\yiisoft\yii2\web\Request.php(1346): yii\web\Request->getCookies()
#2 D:\xampp\htdocs\nielyii\basic\vendor\yiisoft\yii2\web\Request.php(1325): yii\web\Request->loadCsrfToken()
#3 D:\xampp\htdocs\nielyii\basic\vendor\yiisoft\yii2\helpers\BaseHtml.php(295): yii\web\Request->getCsrfToken()
#4 D:\xampp\htdocs\nielyii\basic\views\layouts\main.php(20): yii\helpers\BaseHtml::csrfMetaTags()
#5 D:\xampp\htdocs\nielyii\basic\vendor\yiisoft\yii2\base\View.php(328): require('D:\\xampp\\htdocs...')
#6 D:\xampp\htdocs\nielyii\basic\vendor\yiisoft\yii2\base\View.php(250): yii\base\View->renderPhpFile('D:\\xampp\\htdocs...', Array)
#7 D:\xampp\htdocs\nielyii\basic\vendor\yiisoft\yii2\base\Controller.php(396): yii\base\View->renderFile('D:\\xampp\\htdocs...', Array, Object(app\controllers\SiteController))
#8 D:\xampp\htdocs\nielyii\basic\vendor\yiisoft\yii2\base\Controller.php(382): yii\base\Controller->renderContent('<div class="sit...')
#9 D:\xampp\htdocs\nielyii\basic\controllers\SiteController.php(63): yii\base\Controller->render('index')
#10 [internal function]: app\controllers\SiteController->actionIndex()
#11 D:\xampp\htdocs\nielyii\basic\vendor\yiisoft\yii2\base\InlineAction.php(57): call_user_func_array(Array, Array)
#12 D:\xampp\htdocs\nielyii\basic\vendor\yiisoft\yii2\base\Controller.php(156): yii\base\InlineAction->runWithParams(Array)
#13 D:\xampp\htdocs\nielyii\basic\vendor\yiisoft\yii2\base\Module.php(523): yii\base\Controller->runAction('', Array)
#14 D:\xampp\htdocs\nielyii\basic\vendor\yiisoft\yii2\web\Application.php(102): yii\base\Module->runAction('', Array)
#15 D:\xampp\htdocs\nielyii\basic\vendor\yiisoft\yii2\base\Application.php(380): yii\web\Application->handleRequest(Object(yii\web\Request))
#16 D:\xampp\htdocs\nielyii\basic\web\index.php(12): yii\base\Application->run()
#17 {main}
2017-05-09 14:08:41 [::1][-][-][info][application] $_COOKIE = [
    'io' => 'icB14Wc7OdwSaUbeAAAR'
    '_csrf' => '9570db22ac4ebd4946ca25db6f33f3a9fd7f838510bbf7866a75aa2664089362a:2:{i:0;s:5:\"_csrf\";i:1;s:32:\"YR1fFbYqM80ASyf0fgfC2pjUsZPnHKjd\";}'
]

$_SERVER = [
    'MIBDIRS' => 'D:/xampp/php/extras/mibs'
    'MYSQL_HOME' => '\\xampp\\mysql\\bin'
    'OPENSSL_CONF' => 'D:/xampp/apache/bin/openssl.cnf'
    'PHP_PEAR_SYSCONF_DIR' => '\\xampp\\php'
    'PHPRC' => '\\xampp\\php'
    'TMP' => '\\xampp\\tmp'
    'HTTP_HOST' => 'localhost'
    'HTTP_CONNECTION' => 'keep-alive'
    'HTTP_CACHE_CONTROL' => 'max-age=0'
    'HTTP_UPGRADE_INSECURE_REQUESTS' => '1'
    'HTTP_USER_AGENT' => 'Mozilla/5.0 (Windows NT 6.1; Win64; x64) AppleWebKit/537.36 (KHTML, like Gecko) Chrome/57.0.2987.133 Safari/537.36'
    'HTTP_ACCEPT' => 'text/html,application/xhtml+xml,application/xml;q=0.9,image/webp,*/*;q=0.8'
    'HTTP_REFERER' => 'http://localhost/nielyii/basic/'
    'HTTP_ACCEPT_ENCODING' => 'gzip, deflate, sdch, br'
    'HTTP_ACCEPT_LANGUAGE' => 'en-US,en;q=0.8'
    'HTTP_COOKIE' => 'io=icB14Wc7OdwSaUbeAAAR; _csrf=9570db22ac4ebd4946ca25db6f33f3a9fd7f838510bbf7866a75aa2664089362a%3A2%3A%7Bi%3A0%3Bs%3A5%3A%22_csrf%22%3Bi%3A1%3Bs%3A32%3A%22YR1fFbYqM80ASyf0fgfC2pjUsZPnHKjd%22%3B%7D'
    'PATH' => 'C:\\Windows\\system32;C:\\Windows;C:\\Windows\\System32\\Wbem;C:\\Windows\\System32\\WindowsPowerShell\\v1.0\\;C:\\Program Files (x86)\\Common Files\\lenovo\\easyplussdk\\bin;C:\\Program Files (x86)\\Skype\\Phone\\;D:\\xampp\\php;C:\\ProgramData\\ComposerSetup\\bin;C:\\Program Files (x86)\\nodejs\\;C:\\Program Files\\TortoiseSVN\\bin;C:\\Users\\User\\AppData\\Roaming\\Composer\\vendor\\bin;C:\\Users\\User\\AppData\\Roaming\\npm'
    'SystemRoot' => 'C:\\Windows'
    'COMSPEC' => 'C:\\Windows\\system32\\cmd.exe'
    'PATHEXT' => '.COM;.EXE;.BAT;.CMD;.VBS;.VBE;.JS;.JSE;.WSF;.WSH;.MSC'
    'WINDIR' => 'C:\\Windows'
    'SERVER_SIGNATURE' => '<address>Apache/2.4.25 (Win32) OpenSSL/1.0.2j PHP/7.1.1 Server at localhost Port 80</address>
'
    'SERVER_SOFTWARE' => 'Apache/2.4.25 (Win32) OpenSSL/1.0.2j PHP/7.1.1'
    'SERVER_NAME' => 'localhost'
    'SERVER_ADDR' => '::1'
    'SERVER_PORT' => '80'
    'REMOTE_ADDR' => '::1'
    'DOCUMENT_ROOT' => 'D:/xampp/htdocs'
    'REQUEST_SCHEME' => 'http'
    'CONTEXT_PREFIX' => ''
    'CONTEXT_DOCUMENT_ROOT' => 'D:/xampp/htdocs'
    'SERVER_ADMIN' => 'postmaster@localhost'
    'SCRIPT_FILENAME' => 'D:/xampp/htdocs/nielyii/basic/web/index.php'
    'REMOTE_PORT' => '61518'
    'GATEWAY_INTERFACE' => 'CGI/1.1'
    'SERVER_PROTOCOL' => 'HTTP/1.1'
    'REQUEST_METHOD' => 'GET'
    'QUERY_STRING' => ''
    'REQUEST_URI' => '/nielyii/basic/web/'
    'SCRIPT_NAME' => '/nielyii/basic/web/index.php'
    'PHP_SELF' => '/nielyii/basic/web/index.php'
    'REQUEST_TIME_FLOAT' => 1494331721.593
    'REQUEST_TIME' => 1494331721
]
2017-05-09 14:08:44 [::1][-][-][error][yii\base\InvalidConfigException] yii\base\InvalidConfigException: yii\web\Request::cookieValidationKey must be configured with a secret key. in D:\xampp\htdocs\nielyii\basic\vendor\yiisoft\yii2\web\Request.php:1279
Stack trace:
#0 D:\xampp\htdocs\nielyii\basic\vendor\yiisoft\yii2\web\Request.php(1261): yii\web\Request->loadCookies()
#1 D:\xampp\htdocs\nielyii\basic\vendor\yiisoft\yii2\web\Request.php(1346): yii\web\Request->getCookies()
#2 D:\xampp\htdocs\nielyii\basic\vendor\yiisoft\yii2\web\Request.php(1325): yii\web\Request->loadCsrfToken()
#3 D:\xampp\htdocs\nielyii\basic\vendor\yiisoft\yii2\helpers\BaseHtml.php(295): yii\web\Request->getCsrfToken()
#4 D:\xampp\htdocs\nielyii\basic\views\layouts\main.php(20): yii\helpers\BaseHtml::csrfMetaTags()
#5 D:\xampp\htdocs\nielyii\basic\vendor\yiisoft\yii2\base\View.php(328): require('D:\\xampp\\htdocs...')
#6 D:\xampp\htdocs\nielyii\basic\vendor\yiisoft\yii2\base\View.php(250): yii\base\View->renderPhpFile('D:\\xampp\\htdocs...', Array)
#7 D:\xampp\htdocs\nielyii\basic\vendor\yiisoft\yii2\base\Controller.php(396): yii\base\View->renderFile('D:\\xampp\\htdocs...', Array, Object(app\controllers\SiteController))
#8 D:\xampp\htdocs\nielyii\basic\vendor\yiisoft\yii2\base\Controller.php(382): yii\base\Controller->renderContent('<div class="sit...')
#9 D:\xampp\htdocs\nielyii\basic\controllers\SiteController.php(63): yii\base\Controller->render('index')
#10 [internal function]: app\controllers\SiteController->actionIndex()
#11 D:\xampp\htdocs\nielyii\basic\vendor\yiisoft\yii2\base\InlineAction.php(57): call_user_func_array(Array, Array)
#12 D:\xampp\htdocs\nielyii\basic\vendor\yiisoft\yii2\base\Controller.php(156): yii\base\InlineAction->runWithParams(Array)
#13 D:\xampp\htdocs\nielyii\basic\vendor\yiisoft\yii2\base\Module.php(523): yii\base\Controller->runAction('', Array)
#14 D:\xampp\htdocs\nielyii\basic\vendor\yiisoft\yii2\web\Application.php(102): yii\base\Module->runAction('', Array)
#15 D:\xampp\htdocs\nielyii\basic\vendor\yiisoft\yii2\base\Application.php(380): yii\web\Application->handleRequest(Object(yii\web\Request))
#16 D:\xampp\htdocs\nielyii\basic\web\index.php(12): yii\base\Application->run()
#17 {main}
2017-05-09 14:08:44 [::1][-][-][info][application] $_COOKIE = [
    'io' => 'icB14Wc7OdwSaUbeAAAR'
    '_csrf' => '9570db22ac4ebd4946ca25db6f33f3a9fd7f838510bbf7866a75aa2664089362a:2:{i:0;s:5:\"_csrf\";i:1;s:32:\"YR1fFbYqM80ASyf0fgfC2pjUsZPnHKjd\";}'
]

$_SERVER = [
    'MIBDIRS' => 'D:/xampp/php/extras/mibs'
    'MYSQL_HOME' => '\\xampp\\mysql\\bin'
    'OPENSSL_CONF' => 'D:/xampp/apache/bin/openssl.cnf'
    'PHP_PEAR_SYSCONF_DIR' => '\\xampp\\php'
    'PHPRC' => '\\xampp\\php'
    'TMP' => '\\xampp\\tmp'
    'HTTP_HOST' => 'localhost'
    'HTTP_CONNECTION' => 'keep-alive'
    'HTTP_CACHE_CONTROL' => 'max-age=0'
    'HTTP_UPGRADE_INSECURE_REQUESTS' => '1'
    'HTTP_USER_AGENT' => 'Mozilla/5.0 (Windows NT 6.1; Win64; x64) AppleWebKit/537.36 (KHTML, like Gecko) Chrome/57.0.2987.133 Safari/537.36'
    'HTTP_ACCEPT' => 'text/html,application/xhtml+xml,application/xml;q=0.9,image/webp,*/*;q=0.8'
    'HTTP_REFERER' => 'http://localhost/nielyii/basic/'
    'HTTP_ACCEPT_ENCODING' => 'gzip, deflate, sdch, br'
    'HTTP_ACCEPT_LANGUAGE' => 'en-US,en;q=0.8'
    'HTTP_COOKIE' => 'io=icB14Wc7OdwSaUbeAAAR; _csrf=9570db22ac4ebd4946ca25db6f33f3a9fd7f838510bbf7866a75aa2664089362a%3A2%3A%7Bi%3A0%3Bs%3A5%3A%22_csrf%22%3Bi%3A1%3Bs%3A32%3A%22YR1fFbYqM80ASyf0fgfC2pjUsZPnHKjd%22%3B%7D'
    'PATH' => 'C:\\Windows\\system32;C:\\Windows;C:\\Windows\\System32\\Wbem;C:\\Windows\\System32\\WindowsPowerShell\\v1.0\\;C:\\Program Files (x86)\\Common Files\\lenovo\\easyplussdk\\bin;C:\\Program Files (x86)\\Skype\\Phone\\;D:\\xampp\\php;C:\\ProgramData\\ComposerSetup\\bin;C:\\Program Files (x86)\\nodejs\\;C:\\Program Files\\TortoiseSVN\\bin;C:\\Users\\User\\AppData\\Roaming\\Composer\\vendor\\bin;C:\\Users\\User\\AppData\\Roaming\\npm'
    'SystemRoot' => 'C:\\Windows'
    'COMSPEC' => 'C:\\Windows\\system32\\cmd.exe'
    'PATHEXT' => '.COM;.EXE;.BAT;.CMD;.VBS;.VBE;.JS;.JSE;.WSF;.WSH;.MSC'
    'WINDIR' => 'C:\\Windows'
    'SERVER_SIGNATURE' => '<address>Apache/2.4.25 (Win32) OpenSSL/1.0.2j PHP/7.1.1 Server at localhost Port 80</address>
'
    'SERVER_SOFTWARE' => 'Apache/2.4.25 (Win32) OpenSSL/1.0.2j PHP/7.1.1'
    'SERVER_NAME' => 'localhost'
    'SERVER_ADDR' => '::1'
    'SERVER_PORT' => '80'
    'REMOTE_ADDR' => '::1'
    'DOCUMENT_ROOT' => 'D:/xampp/htdocs'
    'REQUEST_SCHEME' => 'http'
    'CONTEXT_PREFIX' => ''
    'CONTEXT_DOCUMENT_ROOT' => 'D:/xampp/htdocs'
    'SERVER_ADMIN' => 'postmaster@localhost'
    'SCRIPT_FILENAME' => 'D:/xampp/htdocs/nielyii/basic/web/index.php'
    'REMOTE_PORT' => '61520'
    'GATEWAY_INTERFACE' => 'CGI/1.1'
    'SERVER_PROTOCOL' => 'HTTP/1.1'
    'REQUEST_METHOD' => 'GET'
    'QUERY_STRING' => ''
    'REQUEST_URI' => '/nielyii/basic/web/'
    'SCRIPT_NAME' => '/nielyii/basic/web/index.php'
    'PHP_SELF' => '/nielyii/basic/web/index.php'
    'REQUEST_TIME_FLOAT' => 1494331724.066
    'REQUEST_TIME' => 1494331724
]
2017-05-09 14:08:49 [::1][-][-][error][yii\base\InvalidConfigException] yii\base\InvalidConfigException: yii\web\Request::cookieValidationKey must be configured with a secret key. in D:\xampp\htdocs\nielyii\basic\vendor\yiisoft\yii2\web\Request.php:1279
Stack trace:
#0 D:\xampp\htdocs\nielyii\basic\vendor\yiisoft\yii2\web\Request.php(1261): yii\web\Request->loadCookies()
#1 D:\xampp\htdocs\nielyii\basic\vendor\yiisoft\yii2\web\Request.php(1346): yii\web\Request->getCookies()
#2 D:\xampp\htdocs\nielyii\basic\vendor\yiisoft\yii2\web\Request.php(1325): yii\web\Request->loadCsrfToken()
#3 D:\xampp\htdocs\nielyii\basic\vendor\yiisoft\yii2\helpers\BaseHtml.php(295): yii\web\Request->getCsrfToken()
#4 D:\xampp\htdocs\nielyii\basic\views\layouts\main.php(20): yii\helpers\BaseHtml::csrfMetaTags()
#5 D:\xampp\htdocs\nielyii\basic\vendor\yiisoft\yii2\base\View.php(328): require('D:\\xampp\\htdocs...')
#6 D:\xampp\htdocs\nielyii\basic\vendor\yiisoft\yii2\base\View.php(250): yii\base\View->renderPhpFile('D:\\xampp\\htdocs...', Array)
#7 D:\xampp\htdocs\nielyii\basic\vendor\yiisoft\yii2\base\Controller.php(396): yii\base\View->renderFile('D:\\xampp\\htdocs...', Array, Object(app\controllers\SiteController))
#8 D:\xampp\htdocs\nielyii\basic\vendor\yiisoft\yii2\base\Controller.php(382): yii\base\Controller->renderContent('<div class="sit...')
#9 D:\xampp\htdocs\nielyii\basic\controllers\SiteController.php(63): yii\base\Controller->render('index')
#10 [internal function]: app\controllers\SiteController->actionIndex()
#11 D:\xampp\htdocs\nielyii\basic\vendor\yiisoft\yii2\base\InlineAction.php(57): call_user_func_array(Array, Array)
#12 D:\xampp\htdocs\nielyii\basic\vendor\yiisoft\yii2\base\Controller.php(156): yii\base\InlineAction->runWithParams(Array)
#13 D:\xampp\htdocs\nielyii\basic\vendor\yiisoft\yii2\base\Module.php(523): yii\base\Controller->runAction('', Array)
#14 D:\xampp\htdocs\nielyii\basic\vendor\yiisoft\yii2\web\Application.php(102): yii\base\Module->runAction('', Array)
#15 D:\xampp\htdocs\nielyii\basic\vendor\yiisoft\yii2\base\Application.php(380): yii\web\Application->handleRequest(Object(yii\web\Request))
#16 D:\xampp\htdocs\nielyii\basic\web\index.php(12): yii\base\Application->run()
#17 {main}
2017-05-09 14:08:49 [::1][-][-][info][application] $_COOKIE = [
    'io' => 'icB14Wc7OdwSaUbeAAAR'
    '_csrf' => '9570db22ac4ebd4946ca25db6f33f3a9fd7f838510bbf7866a75aa2664089362a:2:{i:0;s:5:\"_csrf\";i:1;s:32:\"YR1fFbYqM80ASyf0fgfC2pjUsZPnHKjd\";}'
]

$_SERVER = [
    'MIBDIRS' => 'D:/xampp/php/extras/mibs'
    'MYSQL_HOME' => '\\xampp\\mysql\\bin'
    'OPENSSL_CONF' => 'D:/xampp/apache/bin/openssl.cnf'
    'PHP_PEAR_SYSCONF_DIR' => '\\xampp\\php'
    'PHPRC' => '\\xampp\\php'
    'TMP' => '\\xampp\\tmp'
    'HTTP_HOST' => 'localhost'
    'HTTP_CONNECTION' => 'keep-alive'
    'HTTP_CACHE_CONTROL' => 'max-age=0'
    'HTTP_UPGRADE_INSECURE_REQUESTS' => '1'
    'HTTP_USER_AGENT' => 'Mozilla/5.0 (Windows NT 6.1; Win64; x64) AppleWebKit/537.36 (KHTML, like Gecko) Chrome/57.0.2987.133 Safari/537.36'
    'HTTP_ACCEPT' => 'text/html,application/xhtml+xml,application/xml;q=0.9,image/webp,*/*;q=0.8'
    'HTTP_REFERER' => 'http://localhost/nielyii/basic/'
    'HTTP_ACCEPT_ENCODING' => 'gzip, deflate, sdch, br'
    'HTTP_ACCEPT_LANGUAGE' => 'en-US,en;q=0.8'
    'HTTP_COOKIE' => 'io=icB14Wc7OdwSaUbeAAAR; _csrf=9570db22ac4ebd4946ca25db6f33f3a9fd7f838510bbf7866a75aa2664089362a%3A2%3A%7Bi%3A0%3Bs%3A5%3A%22_csrf%22%3Bi%3A1%3Bs%3A32%3A%22YR1fFbYqM80ASyf0fgfC2pjUsZPnHKjd%22%3B%7D'
    'PATH' => 'C:\\Windows\\system32;C:\\Windows;C:\\Windows\\System32\\Wbem;C:\\Windows\\System32\\WindowsPowerShell\\v1.0\\;C:\\Program Files (x86)\\Common Files\\lenovo\\easyplussdk\\bin;C:\\Program Files (x86)\\Skype\\Phone\\;D:\\xampp\\php;C:\\ProgramData\\ComposerSetup\\bin;C:\\Program Files (x86)\\nodejs\\;C:\\Program Files\\TortoiseSVN\\bin;C:\\Users\\User\\AppData\\Roaming\\Composer\\vendor\\bin;C:\\Users\\User\\AppData\\Roaming\\npm'
    'SystemRoot' => 'C:\\Windows'
    'COMSPEC' => 'C:\\Windows\\system32\\cmd.exe'
    'PATHEXT' => '.COM;.EXE;.BAT;.CMD;.VBS;.VBE;.JS;.JSE;.WSF;.WSH;.MSC'
    'WINDIR' => 'C:\\Windows'
    'SERVER_SIGNATURE' => '<address>Apache/2.4.25 (Win32) OpenSSL/1.0.2j PHP/7.1.1 Server at localhost Port 80</address>
'
    'SERVER_SOFTWARE' => 'Apache/2.4.25 (Win32) OpenSSL/1.0.2j PHP/7.1.1'
    'SERVER_NAME' => 'localhost'
    'SERVER_ADDR' => '::1'
    'SERVER_PORT' => '80'
    'REMOTE_ADDR' => '::1'
    'DOCUMENT_ROOT' => 'D:/xampp/htdocs'
    'REQUEST_SCHEME' => 'http'
    'CONTEXT_PREFIX' => ''
    'CONTEXT_DOCUMENT_ROOT' => 'D:/xampp/htdocs'
    'SERVER_ADMIN' => 'postmaster@localhost'
    'SCRIPT_FILENAME' => 'D:/xampp/htdocs/nielyii/basic/web/index.php'
    'REMOTE_PORT' => '61527'
    'GATEWAY_INTERFACE' => 'CGI/1.1'
    'SERVER_PROTOCOL' => 'HTTP/1.1'
    'REQUEST_METHOD' => 'GET'
    'QUERY_STRING' => ''
    'REQUEST_URI' => '/nielyii/basic/web/'
    'SCRIPT_NAME' => '/nielyii/basic/web/index.php'
    'PHP_SELF' => '/nielyii/basic/web/index.php'
    'REQUEST_TIME_FLOAT' => 1494331728.964
    'REQUEST_TIME' => 1494331728
]
2017-05-09 14:11:28 [::1][-][-][error][yii\base\InvalidConfigException] yii\base\InvalidConfigException: yii\web\Request::cookieValidationKey must be configured with a secret key. in D:\xampp\htdocs\nielyii\basic\vendor\yiisoft\yii2\web\Request.php:1279
Stack trace:
#0 D:\xampp\htdocs\nielyii\basic\vendor\yiisoft\yii2\web\Request.php(1261): yii\web\Request->loadCookies()
#1 D:\xampp\htdocs\nielyii\basic\vendor\yiisoft\yii2\web\Request.php(1346): yii\web\Request->getCookies()
#2 D:\xampp\htdocs\nielyii\basic\vendor\yiisoft\yii2\web\Request.php(1325): yii\web\Request->loadCsrfToken()
#3 D:\xampp\htdocs\nielyii\basic\vendor\yiisoft\yii2\helpers\BaseHtml.php(295): yii\web\Request->getCsrfToken()
#4 D:\xampp\htdocs\nielyii\basic\views\layouts\main.php(20): yii\helpers\BaseHtml::csrfMetaTags()
#5 D:\xampp\htdocs\nielyii\basic\vendor\yiisoft\yii2\base\View.php(328): require('D:\\xampp\\htdocs...')
#6 D:\xampp\htdocs\nielyii\basic\vendor\yiisoft\yii2\base\View.php(250): yii\base\View->renderPhpFile('D:\\xampp\\htdocs...', Array)
#7 D:\xampp\htdocs\nielyii\basic\vendor\yiisoft\yii2\base\Controller.php(396): yii\base\View->renderFile('D:\\xampp\\htdocs...', Array, Object(app\controllers\SiteController))
#8 D:\xampp\htdocs\nielyii\basic\vendor\yiisoft\yii2\base\Controller.php(382): yii\base\Controller->renderContent('<div class="sit...')
#9 D:\xampp\htdocs\nielyii\basic\controllers\SiteController.php(63): yii\base\Controller->render('index')
#10 [internal function]: app\controllers\SiteController->actionIndex()
#11 D:\xampp\htdocs\nielyii\basic\vendor\yiisoft\yii2\base\InlineAction.php(57): call_user_func_array(Array, Array)
#12 D:\xampp\htdocs\nielyii\basic\vendor\yiisoft\yii2\base\Controller.php(156): yii\base\InlineAction->runWithParams(Array)
#13 D:\xampp\htdocs\nielyii\basic\vendor\yiisoft\yii2\base\Module.php(523): yii\base\Controller->runAction('', Array)
#14 D:\xampp\htdocs\nielyii\basic\vendor\yiisoft\yii2\web\Application.php(102): yii\base\Module->runAction('', Array)
#15 D:\xampp\htdocs\nielyii\basic\vendor\yiisoft\yii2\base\Application.php(380): yii\web\Application->handleRequest(Object(yii\web\Request))
#16 D:\xampp\htdocs\nielyii\basic\web\index.php(12): yii\base\Application->run()
#17 {main}
2017-05-09 14:11:28 [::1][-][-][info][application] $_COOKIE = [
    'io' => 'icB14Wc7OdwSaUbeAAAR'
    '_csrf' => '9570db22ac4ebd4946ca25db6f33f3a9fd7f838510bbf7866a75aa2664089362a:2:{i:0;s:5:\"_csrf\";i:1;s:32:\"YR1fFbYqM80ASyf0fgfC2pjUsZPnHKjd\";}'
]

$_SERVER = [
    'MIBDIRS' => 'D:/xampp/php/extras/mibs'
    'MYSQL_HOME' => '\\xampp\\mysql\\bin'
    'OPENSSL_CONF' => 'D:/xampp/apache/bin/openssl.cnf'
    'PHP_PEAR_SYSCONF_DIR' => '\\xampp\\php'
    'PHPRC' => '\\xampp\\php'
    'TMP' => '\\xampp\\tmp'
    'HTTP_HOST' => 'localhost'
    'HTTP_CONNECTION' => 'keep-alive'
    'HTTP_CACHE_CONTROL' => 'max-age=0'
    'HTTP_UPGRADE_INSECURE_REQUESTS' => '1'
    'HTTP_USER_AGENT' => 'Mozilla/5.0 (Windows NT 6.1; Win64; x64) AppleWebKit/537.36 (KHTML, like Gecko) Chrome/57.0.2987.133 Safari/537.36'
    'HTTP_ACCEPT' => 'text/html,application/xhtml+xml,application/xml;q=0.9,image/webp,*/*;q=0.8'
    'HTTP_REFERER' => 'http://localhost/nielyii/basic/'
    'HTTP_ACCEPT_ENCODING' => 'gzip, deflate, sdch, br'
    'HTTP_ACCEPT_LANGUAGE' => 'en-US,en;q=0.8'
    'HTTP_COOKIE' => 'io=icB14Wc7OdwSaUbeAAAR; _csrf=9570db22ac4ebd4946ca25db6f33f3a9fd7f838510bbf7866a75aa2664089362a%3A2%3A%7Bi%3A0%3Bs%3A5%3A%22_csrf%22%3Bi%3A1%3Bs%3A32%3A%22YR1fFbYqM80ASyf0fgfC2pjUsZPnHKjd%22%3B%7D'
    'PATH' => 'C:\\Windows\\system32;C:\\Windows;C:\\Windows\\System32\\Wbem;C:\\Windows\\System32\\WindowsPowerShell\\v1.0\\;C:\\Program Files (x86)\\Common Files\\lenovo\\easyplussdk\\bin;C:\\Program Files (x86)\\Skype\\Phone\\;D:\\xampp\\php;C:\\ProgramData\\ComposerSetup\\bin;C:\\Program Files (x86)\\nodejs\\;C:\\Program Files\\TortoiseSVN\\bin;C:\\Users\\User\\AppData\\Roaming\\Composer\\vendor\\bin;C:\\Users\\User\\AppData\\Roaming\\npm'
    'SystemRoot' => 'C:\\Windows'
    'COMSPEC' => 'C:\\Windows\\system32\\cmd.exe'
    'PATHEXT' => '.COM;.EXE;.BAT;.CMD;.VBS;.VBE;.JS;.JSE;.WSF;.WSH;.MSC'
    'WINDIR' => 'C:\\Windows'
    'SERVER_SIGNATURE' => '<address>Apache/2.4.25 (Win32) OpenSSL/1.0.2j PHP/7.1.1 Server at localhost Port 80</address>
'
    'SERVER_SOFTWARE' => 'Apache/2.4.25 (Win32) OpenSSL/1.0.2j PHP/7.1.1'
    'SERVER_NAME' => 'localhost'
    'SERVER_ADDR' => '::1'
    'SERVER_PORT' => '80'
    'REMOTE_ADDR' => '::1'
    'DOCUMENT_ROOT' => 'D:/xampp/htdocs'
    'REQUEST_SCHEME' => 'http'
    'CONTEXT_PREFIX' => ''
    'CONTEXT_DOCUMENT_ROOT' => 'D:/xampp/htdocs'
    'SERVER_ADMIN' => 'postmaster@localhost'
    'SCRIPT_FILENAME' => 'D:/xampp/htdocs/nielyii/basic/web/index.php'
    'REMOTE_PORT' => '61570'
    'GATEWAY_INTERFACE' => 'CGI/1.1'
    'SERVER_PROTOCOL' => 'HTTP/1.1'
    'REQUEST_METHOD' => 'GET'
    'QUERY_STRING' => ''
    'REQUEST_URI' => '/nielyii/basic/web/'
    'SCRIPT_NAME' => '/nielyii/basic/web/index.php'
    'PHP_SELF' => '/nielyii/basic/web/index.php'
    'REQUEST_TIME_FLOAT' => 1494331888.629
    'REQUEST_TIME' => 1494331888
]
